D:\Microsoft Visual Studio\2017\Community\Common7\IDE\VC\VCTargets\Microsoft.CppBuild.targets(377,5): warning MSB8004: Output 目录未以斜杠结尾。  此生成实例将添加斜杠，因为必须有这个斜杠才能正确计算 Output 目录。
  driver_follow.cpp
d:\github\engineering-technological-innovation-4d\driver_follow\driver_follow\driver_follow.cpp(138): warning C4244: “=”: 从“double”转换到“float”，可能丢失数据
d:\github\engineering-technological-innovation-4d\driver_follow\driver_follow\driver_follow.cpp(141): warning C4244: “=”: 从“double”转换到“float”，可能丢失数据
d:\github\engineering-technological-innovation-4d\driver_follow\driver_follow\driver_follow.cpp(192): warning C4305: “=”: 从“double”到“float”截断
d:\github\engineering-technological-innovation-4d\driver_follow\driver_follow\driver_follow.cpp(194): warning C4244: “=”: 从“double”转换到“float”，可能丢失数据
d:\github\engineering-technological-innovation-4d\driver_follow\driver_follow\driver_follow.cpp(227): warning C4244: “=”: 从“double”转换到“float”，可能丢失数据
d:\github\engineering-technological-innovation-4d\driver_follow\driver_follow\driver_follow.cpp(229): warning C4244: “=”: 从“double”转换到“float”，可能丢失数据
d:\github\engineering-technological-innovation-4d\driver_follow\driver_follow\driver_follow.cpp(273): warning C4244: “=”: 从“double”转换到“float”，可能丢失数据
d:\github\engineering-technological-innovation-4d\driver_follow\driver_follow\driver_follow.cpp(290): warning C4305: “=”: 从“double”到“float”截断
d:\github\engineering-technological-innovation-4d\driver_follow\driver_follow\driver_follow.cpp(291): warning C4305: “=”: 从“double”到“float”截断
d:\github\engineering-technological-innovation-4d\driver_follow\driver_follow\driver_follow.cpp(292): warning C4305: “=”: 从“double”到“float”截断
d:\github\engineering-technological-innovation-4d\driver_follow\driver_follow\driver_follow.cpp(295): warning C4244: “=”: 从“double”转换到“float”，可能丢失数据
d:\github\engineering-technological-innovation-4d\driver_follow\driver_follow\driver_follow.cpp(299): warning C4244: “=”: 从“double”转换到“float”，可能丢失数据
d:\github\engineering-technological-innovation-4d\driver_follow\driver_follow\driver_follow.cpp(301): warning C4244: “=”: 从“double”转换到“float”，可能丢失数据
d:\github\engineering-technological-innovation-4d\driver_follow\driver_follow\driver_follow.cpp(313): warning C4305: “+=”: 从“double”到“float”截断
d:\github\engineering-technological-innovation-4d\driver_follow\driver_follow\driver_follow.cpp(319): warning C4244: “=”: 从“double”转换到“float”，可能丢失数据
d:\github\engineering-technological-innovation-4d\driver_follow\driver_follow\driver_follow.cpp(320): warning C4244: “=”: 从“double”转换到“float”，可能丢失数据
d:\github\engineering-technological-innovation-4d\driver_follow\driver_follow\driver_follow.cpp(321): warning C4244: “=”: 从“double”转换到“float”，可能丢失数据
    正在创建库 D:\CyberTORCS_2019Spring_Student\cyberfollow\driver_follow.lib 和对象 D:\CyberTORCS_2019Spring_Student\cyberfollow\driver_follow.exp
  driver_follow.vcxproj -> D:\CyberTORCS_2019Spring_Student\cyberfollow\driver_follow.dll
