D:\Microsoft Visual Studio\2017\Community\Common7\IDE\VC\VCTargets\Microsoft.CppBuild.targets(377,5): warning MSB8004: Output 目录未以斜杠结尾。  此生成实例将添加斜杠，因为必须有这个斜杠才能正确计算 Output 目录。
  driver_cruise.cpp
d:\github\engineering-technological-innovation-4d\driver_cruise\driver_cruise\driver_cruise.cpp(143): warning C4244: “=”: 从“double”转换到“int”，可能丢失数据
d:\github\engineering-technological-innovation-4d\driver_cruise\driver_cruise\driver_cruise.cpp(168): warning C4244: “=”: 从“double”转换到“float”，可能丢失数据
d:\github\engineering-technological-innovation-4d\driver_cruise\driver_cruise\driver_cruise.cpp(185): warning C4244: “=”: 从“double”转换到“float”，可能丢失数据
d:\github\engineering-technological-innovation-4d\driver_cruise\driver_cruise\driver_cruise.cpp(186): warning C4244: “=”: 从“double”转换到“float”，可能丢失数据
d:\github\engineering-technological-innovation-4d\driver_cruise\driver_cruise\driver_cruise.cpp(187): warning C4244: “=”: 从“double”转换到“float”，可能丢失数据
d:\github\engineering-technological-innovation-4d\driver_cruise\driver_cruise\driver_cruise.cpp(188): warning C4244: “=”: 从“double”转换到“float”，可能丢失数据
d:\github\engineering-technological-innovation-4d\driver_cruise\driver_cruise\driver_cruise.cpp(189): warning C4244: “=”: 从“double”转换到“float”，可能丢失数据
d:\github\engineering-technological-innovation-4d\driver_cruise\driver_cruise\driver_cruise.cpp(196): warning C4244: “=”: 从“double”转换到“float”，可能丢失数据
d:\github\engineering-technological-innovation-4d\driver_cruise\driver_cruise\driver_cruise.cpp(197): warning C4244: “=”: 从“double”转换到“float”，可能丢失数据
d:\github\engineering-technological-innovation-4d\driver_cruise\driver_cruise\driver_cruise.cpp(211): warning C4305: “=”: 从“double”到“float”截断
d:\github\engineering-technological-innovation-4d\driver_cruise\driver_cruise\driver_cruise.cpp(245): warning C4244: “=”: 从“double”转换到“float”，可能丢失数据
d:\github\engineering-technological-innovation-4d\driver_cruise\driver_cruise\driver_cruise.cpp(246): warning C4244: “=”: 从“double”转换到“float”，可能丢失数据
d:\github\engineering-technological-innovation-4d\driver_cruise\driver_cruise\driver_cruise.cpp(247): warning C4244: “=”: 从“double”转换到“float”，可能丢失数据
d:\github\engineering-technological-innovation-4d\driver_cruise\driver_cruise\driver_cruise.cpp(248): warning C4244: “=”: 从“double”转换到“float”，可能丢失数据
d:\github\engineering-technological-innovation-4d\driver_cruise\driver_cruise\driver_cruise.cpp(256): warning C4244: “=”: 从“double”转换到“float”，可能丢失数据
d:\github\engineering-technological-innovation-4d\driver_cruise\driver_cruise\driver_cruise.cpp(258): warning C4244: “=”: 从“double”转换到“float”，可能丢失数据
d:\github\engineering-technological-innovation-4d\driver_cruise\driver_cruise\driver_cruise.cpp(272): warning C4305: “=”: 从“double”到“float”截断
    正在创建库 D:\CyberTORCS_2019Spring_Student\cybercruise\driver_cruise.lib 和对象 D:\CyberTORCS_2019Spring_Student\cybercruise\driver_cruise.exp
  driver_cruise.vcxproj -> D:\CyberTORCS_2019Spring_Student\cybercruise\driver_cruise.dll
